Determining if the pthread_create exist failed with the following output:
Change Dir: /home/zhangxu/dianracing_ros_zhangxu/build/CMakeFiles/CMakeTmp

Run Build Command:"/usr/bin/make" "cmTC_bc1f4/fast"
/usr/bin/make -f CMakeFiles/cmTC_bc1f4.dir/build.make CMakeFiles/cmTC_bc1f4.dir/build
make[1]: Entering directory '/home/zhangxu/dianracing_ros_zhangxu/build/CMakeFiles/CMakeTmp'
Building C object CMakeFiles/cmTC_bc1f4.dir/CheckSymbolExists.c.o
/usr/bin/cc     -o CMakeFiles/cmTC_bc1f4.dir/CheckSymbolExists.c.o   -c /home/zhangxu/dianracing_ros_zhangxu/build/CMakeFiles/CMakeTmp/CheckSymbolExists.c
Linking C executable cmTC_bc1f4
/usr/bin/cmake -E cmake_link_script CMakeFiles/cmTC_bc1f4.dir/link.txt --verbose=1
/usr/bin/cc       CMakeFiles/cmTC_bc1f4.dir/CheckSymbolExists.c.o  -o cmTC_bc1f4 -rdynamic 
CMakeFiles/cmTC_bc1f4.dir/CheckSymbolExists.c.o：在函数‘main’中：
CheckSymbolExists.c:(.text+0x16)：对‘pthread_create’未定义的引用
collect2: error: ld returned 1 exit status
CMakeFiles/cmTC_bc1f4.dir/build.make:97: recipe for target 'cmTC_bc1f4' failed
make[1]: *** [cmTC_bc1f4] Error 1
make[1]: Leaving directory '/home/zhangxu/dianracing_ros_zhangxu/build/CMakeFiles/CMakeTmp'
Makefile:126: recipe for target 'cmTC_bc1f4/fast' failed
make: *** [cmTC_bc1f4/fast] Error 2

File /home/zhangxu/dianracing_ros_zhangxu/build/CMakeFiles/CMakeTmp/CheckSymbolExists.c:
/* */
#include <pthread.h>

int main(int argc, char** argv)
{
  (void)argv;
#ifndef pthread_create
  return ((int*)(&pthread_create))[argc];
#else
  (void)argc;
  return 0;
#endif
}

Determining if the function pthread_create exists in the pthreads failed with the following output:
Change Dir: /home/zhangxu/dianracing_ros_zhangxu/build/CMakeFiles/CMakeTmp

Run Build Command:"/usr/bin/make" "cmTC_20ada/fast"
/usr/bin/make -f CMakeFiles/cmTC_20ada.dir/build.make CMakeFiles/cmTC_20ada.dir/build
make[1]: Entering directory '/home/zhangxu/dianracing_ros_zhangxu/build/CMakeFiles/CMakeTmp'
Building C object CMakeFiles/cmTC_20ada.dir/CheckFunctionExists.c.o
/usr/bin/cc    -DCHECK_FUNCTION_EXISTS=pthread_create   -o CMakeFiles/cmTC_20ada.dir/CheckFunctionExists.c.o   -c /usr/share/cmake-3.5/Modules/CheckFunctionExists.c
Linking C executable cmTC_20ada
/usr/bin/cmake -E cmake_link_script CMakeFiles/cmTC_20ada.dir/link.txt --verbose=1
/usr/bin/cc   -DCHECK_FUNCTION_EXISTS=pthread_create    CMakeFiles/cmTC_20ada.dir/CheckFunctionExists.c.o  -o cmTC_20ada -rdynamic -lpthreads 
/usr/bin/ld: 找不到 -lpthreads
collect2: error: ld returned 1 exit status
CMakeFiles/cmTC_20ada.dir/build.make:97: recipe for target 'cmTC_20ada' failed
make[1]: *** [cmTC_20ada] Error 1
make[1]: Leaving directory '/home/zhangxu/dianracing_ros_zhangxu/build/CMakeFiles/CMakeTmp'
Makefile:126: recipe for target 'cmTC_20ada/fast' failed
make: *** [cmTC_20ada/fast] Error 2


